Using pre-set license
Built from '2020.3/release' branch; Version is '2020.3.34f1 (9a4c9c70452b) revision 10112156'; Using compiler version '192528614'; Build Type 'Release'
OS: 'Windows 10  (10.0.19044) 64bit Professional' Language: 'en' Physical Memory: 8099 MB
BatchMode: 1, IsHumanControllingUs: 0, StartBugReporterOnCrash: 0, Is64bit: 1, IsPro: 0

COMMAND LINE ARGUMENTS:
C:\Program Files\Unity\Hub\Editor\2020.3.34f1\Editor\Unity.exe
-adb2
-batchMode
-noUpm
-name
AssetImportWorker0
-projectPath
D:/Unity/Dead Plants
-logFile
Logs/AssetImportWorker0.log
-srvPort
58344
Successfully changed project path to: D:/Unity/Dead Plants
D:/Unity/Dead Plants
Using Asset Import Pipeline V2.
Refreshing native plugins compatible for Editor in 58.56 ms, found 3 plugins.
Preloading 0 native plugins for Editor in 0.00 ms.
Initialize engine version: 2020.3.34f1 (9a4c9c70452b)
[Subsystems] Discovering subsystems at path C:/Program Files/Unity/Hub/Editor/2020.3.34f1/Editor/Data/Resources/UnitySubsystems
[Subsystems] Discovering subsystems at path D:/Unity/Dead Plants/Assets
GfxDevice: creating device client; threaded=0
Direct3D:
    Version:  Direct3D 11.0 [level 11.0]
    Renderer: NVIDIA GeForce GTX 850M (ID=0x1391)
    Vendor:   
    VRAM:     4055 MB
    Driver:   23.21.13.9125
Initialize mono
Mono path[0] = 'C:/Program Files/Unity/Hub/Editor/2020.3.34f1/Editor/Data/Managed'
Mono path[1] = 'C:/Program Files/Unity/Hub/Editor/2020.3.34f1/Editor/Data/MonoBleedingEdge/lib/mono/unityjit'
Mono config path = 'C:/Program Files/Unity/Hub/Editor/2020.3.34f1/Editor/Data/MonoBleedingEdge/etc'
Using monoOptions --debugger-agent=transport=dt_socket,embedding=1,server=y,suspend=n,address=127.0.0.1:56940
Begin MonoManager ReloadAssembly
Registering precompiled unity dll's ...
Register platform support module: C:/Program Files/Unity/Hub/Editor/2020.3.34f1/Editor/Data/PlaybackEngines/WindowsStandaloneSupport/UnityEditor.WindowsStandalone.Extensions.dll
Registered in 0.002228 seconds.
Native extension for WindowsStandalone target not found
Refreshing native plugins compatible for Editor in 85.84 ms, found 3 plugins.
Preloading 0 native plugins for Editor in 0.00 ms.
Mono: successfully reloaded assembly
- Completed reload, in  0.807 seconds
Domain Reload Profiling:
	ReloadAssembly (807ms)
		BeginReloadAssembly (76ms)
			ExecutionOrderSort (0ms)
			DisableScriptedObjects (0ms)
			BackupInstance (0ms)
			ReleaseScriptingObjects (0ms)
			CreateAndSetChildDomain (1ms)
		EndReloadAssembly (646ms)
			LoadAssemblies (74ms)
			RebuildTransferFunctionScriptingTraits (0ms)
			SetupTypeCache (184ms)
			ReleaseScriptCaches (0ms)
			RebuildScriptCaches (51ms)
			SetupLoadedEditorAssemblies (254ms)
				LogAssemblyErrors (0ms)
				InitializePlatformSupportModulesInManaged (14ms)
				SetLoadedEditorAssemblies (0ms)
				RefreshPlugins (86ms)
				BeforeProcessingInitializeOnLoad (18ms)
				ProcessInitializeOnLoadAttributes (101ms)
				ProcessInitializeOnLoadMethodAttributes (33ms)
				AfterProcessingInitializeOnLoad (0ms)
				EditorAssembliesLoaded (0ms)
			ExecutionOrderSort2 (0ms)
			AwakeInstancesAfterBackupRestoration (0ms)
Platform modules already initialized, skipping
Registering precompiled user dll's ...
Registered in 0.002555 seconds.
Begin MonoManager ReloadAssembly
Native extension for WindowsStandalone target not found
Refreshing native plugins compatible for Editor in 54.36 ms, found 3 plugins.
Preloading 0 native plugins for Editor in 0.00 ms.
Mono: successfully reloaded assembly
- Completed reload, in  1.372 seconds
Domain Reload Profiling:
	ReloadAssembly (1373ms)
		BeginReloadAssembly (180ms)
			ExecutionOrderSort (0ms)
			DisableScriptedObjects (5ms)
			BackupInstance (0ms)
			ReleaseScriptingObjects (0ms)
			CreateAndSetChildDomain (24ms)
		EndReloadAssembly (1117ms)
			LoadAssemblies (109ms)
			RebuildTransferFunctionScriptingTraits (0ms)
			SetupTypeCache (373ms)
			ReleaseScriptCaches (1ms)
			RebuildScriptCaches (64ms)
			SetupLoadedEditorAssemblies (438ms)
				LogAssemblyErrors (0ms)
				InitializePlatformSupportModulesInManaged (4ms)
				SetLoadedEditorAssemblies (0ms)
				RefreshPlugins (54ms)
				BeforeProcessingInitializeOnLoad (100ms)
				ProcessInitializeOnLoadAttributes (246ms)
				ProcessInitializeOnLoadMethodAttributes (26ms)
				AfterProcessingInitializeOnLoad (7ms)
				EditorAssembliesLoaded (0ms)
			ExecutionOrderSort2 (0ms)
			AwakeInstancesAfterBackupRestoration (2ms)
Platform modules already initialized, skipping
========================================================================
Worker process is ready to serve import requests
Launched and connected shader compiler UnityShaderCompiler.exe after 0.08 seconds
Refreshing native plugins compatible for Editor in 0.67 ms, found 3 plugins.
Preloading 0 native plugins for Editor in 0.00 ms.
Unloading 2357 Unused Serialized files (Serialized files now loaded: 0)
System memory in use before: 102.5 MB.
System memory in use after: 102.5 MB.

Unloading 32 unused Assets to reduce memory usage. Loaded Objects now: 2789.
Total: 3.925100 ms (FindLiveObjects: 0.296300 ms CreateObjectMapping: 0.257600 ms MarkObjects: 3.201800 ms  DeleteObjects: 0.168300 ms)

AssetImportParameters requested are different than current active one (requested -> active):
  custom:framework-win-MediaFoundation: 216162199b28c13a410421893ffa2e32 -> 
  custom:video-decoder-ogg-theora: a1e56fd34408186e4bbccfd4996cb3dc -> 
  custom:container-muxer-webm: aa71ff27fc2769a1b78a27578f13a17b -> 
  custom:container-demuxer-webm: 4f35f7cbe854078d1ac9338744f61a02 -> 
  custom:container-demuxer-ogg: 62fdf1f143b41e24485cea50d1cbac27 -> 
  custom:video-encoder-webm-vp8: eb34c28f22e8b96e1ab97ce403110664 -> 
  custom:video-decoder-webm-vp8: 9c59270c3fd7afecdb556c50c9e8de78 -> 
  custom:audio-decoder-ogg-vorbis: bf7c407c2cedff20999df2af8eb42d56 -> 
  custom:audio-encoder-webm-vorbis: bf7c407c2cedff20999df2af8eb42d56 -> 
========================================================================
Received Import Request.
  path: Assets/Sprite/Item/console_s.png
  artifactKey: Guid(be7eb5fe17b8e1c4e9657b142e892c81) Importer(815301076,1909f56bfc062723c751e8b465ee728b)
Start importing Assets/Sprite/Item/console_s.png using Guid(be7eb5fe17b8e1c4e9657b142e892c81) Importer(815301076,1909f56bfc062723c751e8b465ee728b)  -> (artifact id: '4fd2d5f23ff7f3681705a2b4d2edb265') in 0.151100 seconds 
========================================================================
Received Import Request.
  Time since last request: 0.156654 seconds.
  path: Assets/Sprite/Item/console_w.png
  artifactKey: Guid(4a04b322f4bc3f544acc0c06ebd69454) Importer(815301076,1909f56bfc062723c751e8b465ee728b)
Start importing Assets/Sprite/Item/console_w.png using Guid(4a04b322f4bc3f544acc0c06ebd69454) Importer(815301076,1909f56bfc062723c751e8b465ee728b)  -> (artifact id: 'a574a6a2412c1a8cec2a30d1abe6d474') in 0.025152 seconds 
========================================================================
Received Import Request.
  Time since last request: 3.894877 seconds.
  path: Assets/Sprite/Item/scifitiles-sheet.png
  artifactKey: Guid(0f9b520d82f0b654ab350de6cfb299ed) Importer(815301076,1909f56bfc062723c751e8b465ee728b)
Start importing Assets/Sprite/Item/scifitiles-sheet.png using Guid(0f9b520d82f0b654ab350de6cfb299ed) Importer(815301076,1909f56bfc062723c751e8b465ee728b)  -> (artifact id: '505d661faaab359e729decda09db0580') in 0.029473 seconds 
========================================================================
Received Import Request.
  Time since last request: 24.404843 seconds.
  path: Assets/Sprite/Item/Items Palette.prefab
  artifactKey: Guid(aa591d94d642cdb4595003f9fc3da8f1) Importer(815301076,1909f56bfc062723c751e8b465ee728b)
Start importing Assets/Sprite/Item/Items Palette.prefab using Guid(aa591d94d642cdb4595003f9fc3da8f1) Importer(815301076,1909f56bfc062723c751e8b465ee728b)  -> (artifact id: 'ca46dfdf0e3ba86d4123bba6114eca7d') in 0.050003 seconds 
========================================================================
Received Import Request.
  Time since last request: 12.656577 seconds.
  path: Assets/Sprite/Item/sf furniture 1x.png
  artifactKey: Guid(e25a6c437c5a3ad418dfaf33079955db) Importer(815301076,1909f56bfc062723c751e8b465ee728b)
Start importing Assets/Sprite/Item/sf furniture 1x.png using Guid(e25a6c437c5a3ad418dfaf33079955db) Importer(815301076,1909f56bfc062723c751e8b465ee728b)  -> (artifact id: '1f45d7f1fb6121a598ffff057e37b796') in 0.021173 seconds 
========================================================================
Received Import Request.
  Time since last request: 5.441046 seconds.
  path: Assets/Sprite/Item/sf furniture 1x.png
  artifactKey: Guid(e25a6c437c5a3ad418dfaf33079955db) Importer(815301076,1909f56bfc062723c751e8b465ee728b)
Start importing Assets/Sprite/Item/sf furniture 1x.png using Guid(e25a6c437c5a3ad418dfaf33079955db) Importer(815301076,1909f56bfc062723c751e8b465ee728b)  -> (artifact id: 'ef17a072e6f5b13f2b548218a6687c1f') in 0.015859 seconds 
========================================================================
Received Import Request.
  Time since last request: 179.822628 seconds.
  path: Assets/Sprite/Item/Items Palette.prefab
  artifactKey: Guid(aa591d94d642cdb4595003f9fc3da8f1) Importer(815301076,1909f56bfc062723c751e8b465ee728b)
Start importing Assets/Sprite/Item/Items Palette.prefab using Guid(aa591d94d642cdb4595003f9fc3da8f1) Importer(815301076,1909f56bfc062723c751e8b465ee728b)  -> (artifact id: '6d2cd4bb428037292db2f43a9d9196e3') in 0.024732 seconds 
========================================================================
Received Import Request.
  Time since last request: 3.026766 seconds.
  path: Assets/Sprite/Item/Items Palette.prefab
  artifactKey: Guid(aa591d94d642cdb4595003f9fc3da8f1) Importer(815301076,1909f56bfc062723c751e8b465ee728b)
Start importing Assets/Sprite/Item/Items Palette.prefab using Guid(aa591d94d642cdb4595003f9fc3da8f1) Importer(815301076,1909f56bfc062723c751e8b465ee728b)  -> (artifact id: '5da4f9a4da2f9ec11448e09dfdaa5272') in 0.024987 seconds 
========================================================================
Received Import Request.
  Time since last request: 34.133893 seconds.
  path: Assets/Sprite/Item/console_s.png
  artifactKey: Guid(be7eb5fe17b8e1c4e9657b142e892c81) Importer(815301076,1909f56bfc062723c751e8b465ee728b)
Start importing Assets/Sprite/Item/console_s.png using Guid(be7eb5fe17b8e1c4e9657b142e892c81) Importer(815301076,1909f56bfc062723c751e8b465ee728b)  -> (artifact id: '1967e9a7e7bcfc2447e8d27a02c60271') in 0.025284 seconds 
========================================================================
Received Import Request.
  Time since last request: 5.590923 seconds.
  path: Assets/Sprite/Item/console_w.png
  artifactKey: Guid(4a04b322f4bc3f544acc0c06ebd69454) Importer(815301076,1909f56bfc062723c751e8b465ee728b)
Start importing Assets/Sprite/Item/console_w.png using Guid(4a04b322f4bc3f544acc0c06ebd69454) Importer(815301076,1909f56bfc062723c751e8b465ee728b)  -> (artifact id: 'e5ef8a3d1218731c65371cba68a10d70') in 0.022907 seconds 
========================================================================
Received Import Request.
  Time since last request: 17.066385 seconds.
  path: Assets/Sprite/Item/console_w.png
  artifactKey: Guid(4a04b322f4bc3f544acc0c06ebd69454) Importer(815301076,1909f56bfc062723c751e8b465ee728b)
Start importing Assets/Sprite/Item/console_w.png using Guid(4a04b322f4bc3f544acc0c06ebd69454) Importer(815301076,1909f56bfc062723c751e8b465ee728b)  -> (artifact id: '4c9c850ddd0ae897d66baa9fff0aaf38') in 0.023624 seconds 
========================================================================
Received Import Request.
  Time since last request: 32.399287 seconds.
  path: Assets/Sprite/Item/console_s.png
  artifactKey: Guid(be7eb5fe17b8e1c4e9657b142e892c81) Importer(815301076,1909f56bfc062723c751e8b465ee728b)
Start importing Assets/Sprite/Item/console_s.png using Guid(be7eb5fe17b8e1c4e9657b142e892c81) Importer(815301076,1909f56bfc062723c751e8b465ee728b)  -> (artifact id: '19ec0c874dc160c65e15b28837fb9138') in 0.014338 seconds 
========================================================================
Received Import Request.
  Time since last request: 14.199010 seconds.
  path: Assets/Sprite/Item/console_s.png
  artifactKey: Guid(be7eb5fe17b8e1c4e9657b142e892c81) Importer(815301076,1909f56bfc062723c751e8b465ee728b)
Start importing Assets/Sprite/Item/console_s.png using Guid(be7eb5fe17b8e1c4e9657b142e892c81) Importer(815301076,1909f56bfc062723c751e8b465ee728b)  -> (artifact id: 'c82c7c9f72c9b0a574f4a210fb5b113b') in 0.018202 seconds 
========================================================================
Received Import Request.
  Time since last request: 6.869636 seconds.
  path: Assets/Sprite/Item/console_w.png
  artifactKey: Guid(4a04b322f4bc3f544acc0c06ebd69454) Importer(815301076,1909f56bfc062723c751e8b465ee728b)
Start importing Assets/Sprite/Item/console_w.png using Guid(4a04b322f4bc3f544acc0c06ebd69454) Importer(815301076,1909f56bfc062723c751e8b465ee728b)  -> (artifact id: '6f96662f94344400d632a5d4ab6fe27b') in 0.012754 seconds 
========================================================================
Received Import Request.
  Time since last request: 75.037233 seconds.
  path: Assets/Sprite/Item/console_w.png
  artifactKey: Guid(4a04b322f4bc3f544acc0c06ebd69454) Importer(815301076,1909f56bfc062723c751e8b465ee728b)
Start importing Assets/Sprite/Item/console_w.png using Guid(4a04b322f4bc3f544acc0c06ebd69454) Importer(815301076,1909f56bfc062723c751e8b465ee728b)  -> (artifact id: 'd1cf2e3867ba475639ad55b4477c4e6b') in 0.013938 seconds 
========================================================================
Received Import Request.
  Time since last request: 8.241122 seconds.
  path: Assets/Sprite/Item/console_w.png
  artifactKey: Guid(4a04b322f4bc3f544acc0c06ebd69454) Importer(815301076,1909f56bfc062723c751e8b465ee728b)
Start importing Assets/Sprite/Item/console_w.png using Guid(4a04b322f4bc3f544acc0c06ebd69454) Importer(815301076,1909f56bfc062723c751e8b465ee728b)  -> (artifact id: '12bbe9da38db5380f9c1bd8162fbef37') in 0.014651 seconds 
========================================================================
Received Import Request.
  Time since last request: 5.433555 seconds.
  path: Assets/Sprite/Item/console_w.png
  artifactKey: Guid(4a04b322f4bc3f544acc0c06ebd69454) Importer(815301076,1909f56bfc062723c751e8b465ee728b)
Start importing Assets/Sprite/Item/console_w.png using Guid(4a04b322f4bc3f544acc0c06ebd69454) Importer(815301076,1909f56bfc062723c751e8b465ee728b)  -> (artifact id: '1a49618924ff3235d443951033ff30d8') in 0.013381 seconds 
========================================================================
Received Import Request.
  Time since last request: 32.890574 seconds.
  path: Assets/Sprite/Item/console_w.png
  artifactKey: Guid(4a04b322f4bc3f544acc0c06ebd69454) Importer(815301076,1909f56bfc062723c751e8b465ee728b)
Start importing Assets/Sprite/Item/console_w.png using Guid(4a04b322f4bc3f544acc0c06ebd69454) Importer(815301076,1909f56bfc062723c751e8b465ee728b)  -> (artifact id: '4748a3f0006bde7b305d1a7225990cf7') in 0.019289 seconds 
========================================================================
Received Prepare
Registering precompiled user dll's ...
Registered in 0.003028 seconds.
Begin MonoManager ReloadAssembly
Native extension for WindowsStandalone target not found
Refreshing native plugins compatible for Editor in 0.63 ms, found 3 plugins.
Preloading 0 native plugins for Editor in 0.00 ms.
Mono: successfully reloaded assembly
- Completed reload, in  1.416 seconds
Domain Reload Profiling:
	ReloadAssembly (1416ms)
		BeginReloadAssembly (136ms)
			ExecutionOrderSort (0ms)
			DisableScriptedObjects (7ms)
			BackupInstance (0ms)
			ReleaseScriptingObjects (0ms)
			CreateAndSetChildDomain (42ms)
		EndReloadAssembly (1207ms)
			LoadAssemblies (115ms)
			RebuildTransferFunctionScriptingTraits (0ms)
			SetupTypeCache (422ms)
			ReleaseScriptCaches (2ms)
			RebuildScriptCaches (96ms)
			SetupLoadedEditorAssemblies (391ms)
				LogAssemblyErrors (0ms)
				InitializePlatformSupportModulesInManaged (5ms)
				SetLoadedEditorAssemblies (1ms)
				RefreshPlugins (1ms)
				BeforeProcessingInitializeOnLoad (100ms)
				ProcessInitializeOnLoadAttributes (257ms)
				ProcessInitializeOnLoadMethodAttributes (19ms)
				AfterProcessingInitializeOnLoad (8ms)
				EditorAssembliesLoaded (0ms)
			ExecutionOrderSort2 (0ms)
			AwakeInstancesAfterBackupRestoration (5ms)
Platform modules already initialized, skipping
Refreshing native plugins compatible for Editor in 0.68 ms, found 3 plugins.
Preloading 0 native plugins for Editor in 0.00 ms.
Unloading 2350 Unused Serialized files (Serialized files now loaded: 0)
System memory in use before: 105.4 MB.
System memory in use after: 105.5 MB.

Unloading 21 unused Assets to reduce memory usage. Loaded Objects now: 2806.
Total: 4.060500 ms (FindLiveObjects: 0.288100 ms CreateObjectMapping: 0.250300 ms MarkObjects: 3.369700 ms  DeleteObjects: 0.150900 ms)

AssetImportParameters requested are different than current active one (requested -> active):
  custom:framework-win-MediaFoundation: 216162199b28c13a410421893ffa2e32 -> 
  custom:video-decoder-ogg-theora: a1e56fd34408186e4bbccfd4996cb3dc -> 
  custom:container-muxer-webm: aa71ff27fc2769a1b78a27578f13a17b -> 
  custom:container-demuxer-webm: 4f35f7cbe854078d1ac9338744f61a02 -> 
  custom:container-demuxer-ogg: 62fdf1f143b41e24485cea50d1cbac27 -> 
  custom:video-encoder-webm-vp8: eb34c28f22e8b96e1ab97ce403110664 -> 
  custom:video-decoder-webm-vp8: 9c59270c3fd7afecdb556c50c9e8de78 -> 
  custom:audio-decoder-ogg-vorbis: bf7c407c2cedff20999df2af8eb42d56 -> 
  custom:audio-encoder-webm-vorbis: bf7c407c2cedff20999df2af8eb42d56 -> 
========================================================================
Received Import Request.
  Time since last request: 126.803088 seconds.
  path: Assets/Sprite/Item/console_s.png
  artifactKey: Guid(be7eb5fe17b8e1c4e9657b142e892c81) Importer(815301076,1909f56bfc062723c751e8b465ee728b)
Start importing Assets/Sprite/Item/console_s.png using Guid(be7eb5fe17b8e1c4e9657b142e892c81) Importer(815301076,1909f56bfc062723c751e8b465ee728b)  -> (artifact id: '9e46e5a23e9d357de3e2ab1646b363e7') in 0.080753 seconds 
========================================================================
Received Import Request.
  Time since last request: 13.768067 seconds.
  path: Assets/Sprite/Item/console_s.png
  artifactKey: Guid(be7eb5fe17b8e1c4e9657b142e892c81) Importer(815301076,1909f56bfc062723c751e8b465ee728b)
Start importing Assets/Sprite/Item/console_s.png using Guid(be7eb5fe17b8e1c4e9657b142e892c81) Importer(815301076,1909f56bfc062723c751e8b465ee728b)  -> (artifact id: '349a0b40d72cc02eded45840899d60c0') in 0.015219 seconds 
========================================================================
Received Import Request.
  Time since last request: 3.300308 seconds.
  path: Assets/Sprite/Item/console_s.png
  artifactKey: Guid(be7eb5fe17b8e1c4e9657b142e892c81) Importer(815301076,1909f56bfc062723c751e8b465ee728b)
Start importing Assets/Sprite/Item/console_s.png using Guid(be7eb5fe17b8e1c4e9657b142e892c81) Importer(815301076,1909f56bfc062723c751e8b465ee728b)  -> (artifact id: '0d5f5b051275e52bcae22ca507b1ea9e') in 0.019124 seconds 
========================================================================
Received Prepare
Registering precompiled user dll's ...
Registered in 0.003812 seconds.
Begin MonoManager ReloadAssembly
Native extension for WindowsStandalone target not found
Refreshing native plugins compatible for Editor in 0.58 ms, found 3 plugins.
Preloading 0 native plugins for Editor in 0.00 ms.
Mono: successfully reloaded assembly
- Completed reload, in  1.459 seconds
Domain Reload Profiling:
	ReloadAssembly (1459ms)
		BeginReloadAssembly (161ms)
			ExecutionOrderSort (0ms)
			DisableScriptedObjects (8ms)
			BackupInstance (0ms)
			ReleaseScriptingObjects (0ms)
			CreateAndSetChildDomain (46ms)
		EndReloadAssembly (1212ms)
			LoadAssemblies (147ms)
			RebuildTransferFunctionScriptingTraits (0ms)
			SetupTypeCache (433ms)
			ReleaseScriptCaches (2ms)
			RebuildScriptCaches (66ms)
			SetupLoadedEditorAssemblies (423ms)
				LogAssemblyErrors (0ms)
				InitializePlatformSupportModulesInManaged (8ms)
				SetLoadedEditorAssemblies (1ms)
				RefreshPlugins (1ms)
				BeforeProcessingInitializeOnLoad (107ms)
				ProcessInitializeOnLoadAttributes (259ms)
				ProcessInitializeOnLoadMethodAttributes (38ms)
				AfterProcessingInitializeOnLoad (9ms)
				EditorAssembliesLoaded (0ms)
			ExecutionOrderSort2 (0ms)
			AwakeInstancesAfterBackupRestoration (5ms)
Platform modules already initialized, skipping
Refreshing native plugins compatible for Editor in 0.65 ms, found 3 plugins.
Preloading 0 native plugins for Editor in 0.00 ms.
Unloading 2350 Unused Serialized files (Serialized files now loaded: 0)
System memory in use before: 105.5 MB.
System memory in use after: 105.5 MB.

Unloading 21 unused Assets to reduce memory usage. Loaded Objects now: 2810.
Total: 4.559900 ms (FindLiveObjects: 0.430900 ms CreateObjectMapping: 0.304700 ms MarkObjects: 3.679400 ms  DeleteObjects: 0.143800 ms)

AssetImportParameters requested are different than current active one (requested -> active):
  custom:framework-win-MediaFoundation: 216162199b28c13a410421893ffa2e32 -> 
  custom:video-decoder-ogg-theora: a1e56fd34408186e4bbccfd4996cb3dc -> 
  custom:container-muxer-webm: aa71ff27fc2769a1b78a27578f13a17b -> 
  custom:container-demuxer-webm: 4f35f7cbe854078d1ac9338744f61a02 -> 
  custom:container-demuxer-ogg: 62fdf1f143b41e24485cea50d1cbac27 -> 
  custom:video-encoder-webm-vp8: eb34c28f22e8b96e1ab97ce403110664 -> 
  custom:video-decoder-webm-vp8: 9c59270c3fd7afecdb556c50c9e8de78 -> 
  custom:audio-decoder-ogg-vorbis: bf7c407c2cedff20999df2af8eb42d56 -> 
  custom:audio-encoder-webm-vorbis: bf7c407c2cedff20999df2af8eb42d56 -> 
========================================================================
Received Import Request.
  Time since last request: 208.760703 seconds.
  path: Assets/Script/Enemy/Bullet.cs
  artifactKey: Guid(ab85382c3c1bc824ea3adb5f23bc6139) Importer(815301076,1909f56bfc062723c751e8b465ee728b)
Start importing Assets/Script/Enemy/Bullet.cs using Guid(ab85382c3c1bc824ea3adb5f23bc6139) Importer(815301076,1909f56bfc062723c751e8b465ee728b)  -> (artifact id: '605ed4ce3e87cd3f4f15787c887cf6be') in 0.091727 seconds 
========================================================================
Received Prepare
Registering precompiled user dll's ...
Registered in 0.003149 seconds.
Begin MonoManager ReloadAssembly
Native extension for WindowsStandalone target not found
Refreshing native plugins compatible for Editor in 0.59 ms, found 3 plugins.
Preloading 0 native plugins for Editor in 0.00 ms.
Mono: successfully reloaded assembly
- Completed reload, in  1.393 seconds
Domain Reload Profiling:
	ReloadAssembly (1394ms)
		BeginReloadAssembly (164ms)
			ExecutionOrderSort (0ms)
			DisableScriptedObjects (9ms)
			BackupInstance (0ms)
			ReleaseScriptingObjects (0ms)
			CreateAndSetChildDomain (44ms)
		EndReloadAssembly (1132ms)
			LoadAssemblies (155ms)
			RebuildTransferFunctionScriptingTraits (0ms)
			SetupTypeCache (403ms)
			ReleaseScriptCaches (1ms)
			RebuildScriptCaches (58ms)
			SetupLoadedEditorAssemblies (416ms)
				LogAssemblyErrors (0ms)
				InitializePlatformSupportModulesInManaged (5ms)
				SetLoadedEditorAssemblies (1ms)
				RefreshPlugins (1ms)
				BeforeProcessingInitializeOnLoad (100ms)
				ProcessInitializeOnLoadAttributes (276ms)
				ProcessInitializeOnLoadMethodAttributes (23ms)
				AfterProcessingInitializeOnLoad (10ms)
				EditorAssembliesLoaded (0ms)
			ExecutionOrderSort2 (0ms)
			AwakeInstancesAfterBackupRestoration (6ms)
Platform modules already initialized, skipping
Refreshing native plugins compatible for Editor in 0.66 ms, found 3 plugins.
Preloading 0 native plugins for Editor in 0.00 ms.
Unloading 2350 Unused Serialized files (Serialized files now loaded: 0)
System memory in use before: 105.5 MB.
System memory in use after: 105.6 MB.

Unloading 21 unused Assets to reduce memory usage. Loaded Objects now: 2813.
Total: 4.134500 ms (FindLiveObjects: 0.211500 ms CreateObjectMapping: 0.120000 ms MarkObjects: 3.635100 ms  DeleteObjects: 0.166200 ms)

AssetImportParameters requested are different than current active one (requested -> active):
  custom:framework-win-MediaFoundation: 216162199b28c13a410421893ffa2e32 -> 
  custom:video-decoder-ogg-theora: a1e56fd34408186e4bbccfd4996cb3dc -> 
  custom:container-muxer-webm: aa71ff27fc2769a1b78a27578f13a17b -> 
  custom:container-demuxer-webm: 4f35f7cbe854078d1ac9338744f61a02 -> 
  custom:container-demuxer-ogg: 62fdf1f143b41e24485cea50d1cbac27 -> 
  custom:video-encoder-webm-vp8: eb34c28f22e8b96e1ab97ce403110664 -> 
  custom:video-decoder-webm-vp8: 9c59270c3fd7afecdb556c50c9e8de78 -> 
  custom:audio-decoder-ogg-vorbis: bf7c407c2cedff20999df2af8eb42d56 -> 
  custom:audio-encoder-webm-vorbis: bf7c407c2cedff20999df2af8eb42d56 -> 
========================================================================
Received Prepare
Registering precompiled user dll's ...
Registered in 0.002411 seconds.
Begin MonoManager ReloadAssembly
Native extension for WindowsStandalone target not found
Refreshing native plugins compatible for Editor in 0.58 ms, found 3 plugins.
Preloading 0 native plugins for Editor in 0.00 ms.
Mono: successfully reloaded assembly
- Completed reload, in  1.482 seconds
Domain Reload Profiling:
	ReloadAssembly (1482ms)
		BeginReloadAssembly (155ms)
			ExecutionOrderSort (0ms)
			DisableScriptedObjects (7ms)
			BackupInstance (0ms)
			ReleaseScriptingObjects (0ms)
			CreateAndSetChildDomain (47ms)
		EndReloadAssembly (1250ms)
			LoadAssemblies (132ms)
			RebuildTransferFunctionScriptingTraits (0ms)
			SetupTypeCache (378ms)
			ReleaseScriptCaches (1ms)
			RebuildScriptCaches (56ms)
			SetupLoadedEditorAssemblies (503ms)
				LogAssemblyErrors (0ms)
				InitializePlatformSupportModulesInManaged (5ms)
				SetLoadedEditorAssemblies (1ms)
				RefreshPlugins (1ms)
				BeforeProcessingInitializeOnLoad (162ms)
				ProcessInitializeOnLoadAttributes (307ms)
				ProcessInitializeOnLoadMethodAttributes (20ms)
				AfterProcessingInitializeOnLoad (7ms)
				EditorAssembliesLoaded (0ms)
			ExecutionOrderSort2 (0ms)
			AwakeInstancesAfterBackupRestoration (5ms)
Platform modules already initialized, skipping
Refreshing native plugins compatible for Editor in 0.69 ms, found 3 plugins.
Preloading 0 native plugins for Editor in 0.00 ms.
Unloading 2350 Unused Serialized files (Serialized files now loaded: 0)
System memory in use before: 105.5 MB.
System memory in use after: 105.6 MB.

Unloading 21 unused Assets to reduce memory usage. Loaded Objects now: 2816.
Total: 4.479500 ms (FindLiveObjects: 0.269600 ms CreateObjectMapping: 0.130100 ms MarkObjects: 3.892700 ms  DeleteObjects: 0.186000 ms)

AssetImportParameters requested are different than current active one (requested -> active):
  custom:framework-win-MediaFoundation: 216162199b28c13a410421893ffa2e32 -> 
  custom:video-decoder-ogg-theora: a1e56fd34408186e4bbccfd4996cb3dc -> 
  custom:container-muxer-webm: aa71ff27fc2769a1b78a27578f13a17b -> 
  custom:container-demuxer-webm: 4f35f7cbe854078d1ac9338744f61a02 -> 
  custom:container-demuxer-ogg: 62fdf1f143b41e24485cea50d1cbac27 -> 
  custom:video-encoder-webm-vp8: eb34c28f22e8b96e1ab97ce403110664 -> 
  custom:video-decoder-webm-vp8: 9c59270c3fd7afecdb556c50c9e8de78 -> 
  custom:audio-decoder-ogg-vorbis: bf7c407c2cedff20999df2af8eb42d56 -> 
  custom:audio-encoder-webm-vorbis: bf7c407c2cedff20999df2af8eb42d56 -> 
AssetImportWorkerClient::OnTransportError - code=2 error=End of file
